# JRE version: OpenJDK Runtime Environment Temurin-11.0.14+9 (11.0.14+9) (build 11.0.14+9)
# Java VM: OpenJDK 64-Bit Server VM Temurin-11.0.14+9 (11.0.14+9, mixed mode, tiered, compressed oops, g1 gc, windows-amd64)
Heap:
 garbage-first heap   total 258048K, used 25253K [0x0000000704a00000, 0x0000000800000000)
  region size 1024K, 26 young (26624K), 12 survivors (12288K)
 Metaspace       used 10893K, capacity 10997K, committed 11136K, reserved 1058816K
  class space    used 816K, capacity 858K, committed 896K, reserved 1048576K
GC Heap History (6 events):
Event: 3.909 GC heap before
{Heap before GC invocations=0 (full 0):
 garbage-first heap   total 258048K, used 23552K [0x0000000704a00000, 0x0000000800000000)
  region size 1024K, 24 young (24576K), 0 survivors (0K)
 Metaspace       used 10619K, capacity 10741K, committed 10880K, reserved 1058816K
  class space    used 813K, capacity 858K, committed 896K, reserved 1048576K
}
Event: 3.912 GC heap after
{Heap after GC invocations=1 (full 0):
 garbage-first heap   total 258048K, used 2906K [0x0000000704a00000, 0x0000000800000000)
  region size 1024K, 3 young (3072K), 3 survivors (3072K)
 Metaspace       used 10619K, capacity 10741K, committed 10880K, reserved 1058816K
  class space    used 813K, capacity 858K, committed 896K, reserved 1048576K
}
Event: 62.371 GC heap before
{Heap before GC invocations=1 (full 0):
 garbage-first heap   total 258048K, used 154458K [0x0000000704a00000, 0x0000000800000000)
  region size 1024K, 151 young (154624K), 3 survivors (3072K)
 Metaspace       used 10887K, capacity 10997K, committed 11136K, reserved 1058816K
  class space    used 815K, capacity 858K, committed 896K, reserved 1048576K
}
Event: 62.375 GC heap after
{Heap after GC invocations=2 (full 0):
 garbage-first heap   total 258048K, used 7283K [0x0000000704a00000, 0x0000000800000000)
  region size 1024K, 8 young (8192K), 8 survivors (8192K)
 Metaspace       used 10887K, capacity 10997K, committed 11136K, reserved 1058816K
  class space    used 815K, capacity 858K, committed 896K, reserved 1048576K
}
Event: 119.934 GC heap before
{Heap before GC invocations=2 (full 0):
 garbage-first heap   total 258048K, used 153715K [0x0000000704a00000, 0x0000000800000000)
  region size 1024K, 151 young (154624K), 8 survivors (8192K)
 Metaspace       used 10890K, capacity 10997K, committed 11136K, reserved 1058816K
  class space    used 816K, capacity 858K, committed 896K, reserved 1048576K
}
Event: 119.938 GC heap after
{Heap after GC invocations=3 (full 0):
 garbage-first heap   total 258048K, used 11941K [0x0000000704a00000, 0x0000000800000000)
  region size 1024K, 12 young (12288K), 12 survivors (12288K)
 Metaspace       used 10890K, capacity 10997K, committed 11136K, reserved 1058816K
  class space    used 816K, capacity 858K, committed 896K, reserved 1048576K
}

